This is pdfTeX, Version 3.141592653-2.6-1.40.22 (MiKTeX 21.3) (preloaded format=pdflatex 2021.4.2)  10 SEP 2021 09:16
entering extended mode
**./WS6.tex
(WS6.tex
LaTeX2e <2020-10-01> patch level 4
L3 programming layer <2021-02-18>
(C:\Users\Trung Vu\AppData\Local\Programs\MiKTeX 2.9\tex/latex/base\article.cls
Document Class: article 2020/04/10 v1.4m Standard LaTeX document class
(C:\Users\Trung Vu\AppData\Local\Programs\MiKTeX 2.9\tex/latex/base\size12.clo
File: size12.clo 2020/04/10 v1.4m Standard LaTeX file (size option)
)
\c@part=\count179
\c@section=\count180
\c@subsection=\count181
\c@subsubsection=\count182
\c@paragraph=\count183
\c@subparagraph=\count184
\c@figure=\count185
\c@table=\count186
\abovecaptionskip=\skip47
\belowcaptionskip=\skip48
\bibindent=\dimen138
)
(C:\Users\Trung Vu\AppData\Local\Programs\MiKTeX 2.9\tex/latex/preprint\fullpag
e.sty
Package: fullpage 1999/02/23 1.1 (PWD)
\FP@margin=\skip49
)
(C:\Users\Trung Vu\AppData\Local\Programs\MiKTeX 2.9\tex/latex/amsmath\amsmath.
sty
Package: amsmath 2020/09/23 v2.17i AMS math features
\@mathmargin=\skip50

For additional information on amsmath, use the `?' option.

(C:\Users\Trung Vu\AppData\Local\Programs\MiKTeX 2.9\tex/latex/amsmath\amstext.
sty
Package: amstext 2000/06/29 v2.01 AMS text

(C:\Users\Trung Vu\AppData\Local\Programs\MiKTeX 2.9\tex/latex/amsmath\amsgen.s
ty
File: amsgen.sty 1999/11/30 v2.0 generic functions
\@emptytoks=\toks15
\ex@=\dimen139
))
(C:\Users\Trung Vu\AppData\Local\Programs\MiKTeX 2.9\tex/latex/amsmath\amsbsy.s
ty
Package: amsbsy 1999/11/29 v1.2d Bold Symbols
\pmbraise@=\dimen140
)
(C:\Users\Trung Vu\AppData\Local\Programs\MiKTeX 2.9\tex/latex/amsmath\amsopn.s
ty
Package: amsopn 2016/03/08 v2.02 operator names
)
\inf@bad=\count187
LaTeX Info: Redefining \frac on input line 234.
\uproot@=\count188
\leftroot@=\count189
LaTeX Info: Redefining \overline on input line 399.
\classnum@=\count190
\DOTSCASE@=\count191
LaTeX Info: Redefining \ldots on input line 496.
LaTeX Info: Redefining \dots on input line 499.
LaTeX Info: Redefining \cdots on input line 620.
\Mathstrutbox@=\box47
\strutbox@=\box48
\big@size=\dimen141
LaTeX Font Info:    Redeclaring font encoding OML on input line 743.
LaTeX Font Info:    Redeclaring font encoding OMS on input line 744.
\macc@depth=\count192
\c@MaxMatrixCols=\count193
\dotsspace@=\muskip16
\c@parentequation=\count194
\dspbrk@lvl=\count195
\tag@help=\toks16
\row@=\count196
\column@=\count197
\maxfields@=\count198
\andhelp@=\toks17
\eqnshift@=\dimen142
\alignsep@=\dimen143
\tagshift@=\dimen144
\tagwidth@=\dimen145
\totwidth@=\dimen146
\lineht@=\dimen147
\@envbody=\toks18
\multlinegap=\skip51
\multlinetaggap=\skip52
\mathdisplay@stack=\toks19
LaTeX Info: Redefining \[ on input line 2923.
LaTeX Info: Redefining \] on input line 2924.
)
(C:\Users\Trung Vu\AppData\Local\Programs\MiKTeX 2.9\tex/latex/amsfonts\amssymb
.sty
Package: amssymb 2013/01/14 v3.01 AMS font symbols

(C:\Users\Trung Vu\AppData\Local\Programs\MiKTeX 2.9\tex/latex/amsfonts\amsfont
s.sty
Package: amsfonts 2013/01/14 v3.01 Basic AMSFonts support
\symAMSa=\mathgroup4
\symAMSb=\mathgroup5
LaTeX Font Info:    Redeclaring math symbol \hbar on input line 98.
LaTeX Font Info:    Overwriting math alphabet `\mathfrak' in version `bold'
(Font)                  U/euf/m/n --> U/euf/b/n on input line 106.
))
(C:\Users\Trung Vu\AppData\Local\Programs\MiKTeX 2.9\tex/latex/amscls\amsthm.st
y
Package: amsthm 2020/05/29 v2.20.6
\thm@style=\toks20
\thm@bodyfont=\toks21
\thm@headfont=\toks22
\thm@notefont=\toks23
\thm@headpunct=\toks24
\thm@preskip=\skip53
\thm@postskip=\skip54
\thm@headsep=\skip55
\dth@everypar=\toks25
)
(C:\Users\Trung Vu\AppData\Local\Programs\MiKTeX 2.9\tex/latex/graphics\graphic
x.sty
Package: graphicx 2020/09/09 v1.2b Enhanced LaTeX Graphics (DPC,SPQR)

(C:\Users\Trung Vu\AppData\Local\Programs\MiKTeX 2.9\tex/latex/graphics\keyval.
sty
Package: keyval 2014/10/28 v1.15 key=value parser (DPC)
\KV@toks@=\toks26
)
(C:\Users\Trung Vu\AppData\Local\Programs\MiKTeX 2.9\tex/latex/graphics\graphic
s.sty
Package: graphics 2020/08/30 v1.4c Standard LaTeX Graphics (DPC,SPQR)

(C:\Users\Trung Vu\AppData\Local\Programs\MiKTeX 2.9\tex/latex/graphics\trig.st
y
Package: trig 2016/01/03 v1.10 sin cos tan (DPC)
)
(C:\Users\Trung Vu\AppData\Local\Programs\MiKTeX 2.9\tex/latex/graphics-cfg\gra
phics.cfg
File: graphics.cfg 2016/06/04 v1.11 sample graphics configuration
)
Package graphics Info: Driver file: pdftex.def on input line 105.

(C:\Users\Trung Vu\AppData\Local\Programs\MiKTeX 2.9\tex/latex/graphics-def\pdf
tex.def
File: pdftex.def 2020/10/05 v1.2a Graphics/color driver for pdftex
))
\Gin@req@height=\dimen148
\Gin@req@width=\dimen149
)
(C:\Users\Trung Vu\AppData\Local\Programs\MiKTeX 2.9\tex/latex/l3backend\l3back
end-pdftex.def
File: l3backend-pdftex.def 2021-03-18 L3 backend support: PDF output (pdfTeX)
\l__color_backend_stack_int=\count199
\l__pdf_internal_box=\box49
) (WS6.aux)
\openout1 = `WS6.aux'.

LaTeX Font Info:    Checking defaults for OML/cmm/m/it on input line 11.
LaTeX Font Info:    ... okay on input line 11.
LaTeX Font Info:    Checking defaults for OMS/cmsy/m/n on input line 11.
LaTeX Font Info:    ... okay on input line 11.
LaTeX Font Info:    Checking defaults for OT1/cmr/m/n on input line 11.
LaTeX Font Info:    ... okay on input line 11.
LaTeX Font Info:    Checking defaults for T1/cmr/m/n on input line 11.
LaTeX Font Info:    ... okay on input line 11.
LaTeX Font Info:    Checking defaults for TS1/cmr/m/n on input line 11.
LaTeX Font Info:    ... okay on input line 11.
LaTeX Font Info:    Checking defaults for OMX/cmex/m/n on input line 11.
LaTeX Font Info:    ... okay on input line 11.
LaTeX Font Info:    Checking defaults for U/cmr/m/n on input line 11.
LaTeX Font Info:    ... okay on input line 11.

(C:\Users\Trung Vu\AppData\Local\Programs\MiKTeX 2.9\tex/context/base/mkii\supp
-pdf.mkii
[Loading MPS to PDF converter (version 2006.09.02).]
\scratchcounter=\count266
\scratchdimen=\dimen150
\scratchbox=\box50
\nofMPsegments=\count267
\nofMParguments=\count268
\everyMPshowfont=\toks27
\MPscratchCnt=\count269
\MPscratchDim=\dimen151
\MPnumerator=\count270
\makeMPintoPDFobject=\count271
\everyMPtoPDFconversion=\toks28
)
(C:\Users\Trung Vu\AppData\Local\Programs\MiKTeX 2.9\tex/latex/epstopdf-pkg\eps
topdf-base.sty
Package: epstopdf-base 2020-01-24 v2.11 Base part for package epstopdf
Package epstopdf-base Info: Redefining graphics rule for `.eps' on input line 4
85.

(C:\Users\Trung Vu\AppData\Local\Programs\MiKTeX 2.9\tex/latex/00miktex\epstopd
f-sys.cfg
File: epstopdf-sys.cfg 2021/03/18 v2.0 Configuration of epstopdf for MiKTeX
))
LaTeX Font Info:    Trying to load font information for U+msa on input line 13.


(C:\Users\Trung Vu\AppData\Local\Programs\MiKTeX 2.9\tex/latex/amsfonts\umsa.fd
File: umsa.fd 2013/01/14 v3.01 AMS symbols A
)
LaTeX Font Info:    Trying to load font information for U+msb on input line 13.


(C:\Users\Trung Vu\AppData\Local\Programs\MiKTeX 2.9\tex/latex/amsfonts\umsb.fd
File: umsb.fd 2013/01/14 v3.01 AMS symbols B
)

LaTeX Warning: No \author given.

[1

{C:/Users/Trung Vu/AppData/Local/MiKTeX/2.9/pdftex/config/pdftex.map}]
Underfull \hbox (badness 10000) in paragraph at lines 29--30

 []


Underfull \hbox (badness 10000) in paragraph at lines 40--42

 []

[2]
<p6.png, id=17, 709.4505pt x 369.17924pt>
File: p6.png Graphic file (type png)
<use p6.png>
Package pdftex.def Info: p6.png  used on input line 43.
(pdftex.def)             Requested size: 425.67358pt x 221.50925pt.
 [3 <./p6.png>] (WS6.aux) ) 
Here is how much of TeX's memory you used:
 2431 strings out of 479287
 33291 string characters out of 2851569
 318964 words of memory out of 3000000
 19904 multiletter control sequences out of 15000+600000
 410973 words of font info for 57 fonts, out of 8000000 for 9000
 1141 hyphenation exceptions out of 8191
 68i,7n,74p,285b,208s stack positions out of 5000i,500n,10000p,200000b,80000s
<C:/Users/Trung Vu/AppData/Local/Programs/MiKTeX 2.9
/fonts/type1/public/amsfonts/cm/cmex10.pfb><C:/Users/Trung Vu/AppData/Local/Pro
grams/MiKTeX 2.9/fonts/type1/public/amsfonts/cm/cmmi12.pfb><C:/Users/Trung Vu/A
ppData/Local/Programs/MiKTeX 2.9/fonts/type1/public/amsfonts/cm/cmmi8.pfb><C:/U
sers/Trung Vu/AppData/Local/Programs/MiKTeX 2.9/fonts/type1/public/amsfonts/cm/
cmr12.pfb><C:/Users/Trung Vu/AppData/Local/Programs/MiKTeX 2.9/fonts/type1/publ
ic/amsfonts/cm/cmr17.pfb><C:/Users/Trung Vu/AppData/Local/Programs/MiKTeX 2.9/f
onts/type1/public/amsfonts/cm/cmr6.pfb><C:/Users/Trung Vu/AppData/Local/Program
s/MiKTeX 2.9/fonts/type1/public/amsfonts/cm/cmr8.pfb><C:/Users/Trung Vu/AppData
/Local/Programs/MiKTeX 2.9/fonts/type1/public/amsfonts/cm/cmsy10.pfb><C:/Users/
Trung Vu/AppData/Local/Programs/MiKTeX 2.9/fonts/type1/public/amsfonts/cm/cmsy8
.pfb>
Output written on WS6.pdf (3 pages, 121665 bytes).
PDF statistics:
 49 PDF objects out of 1000 (max. 8388607)
 0 named destinations out of 1000 (max. 500000)
 6 words of extra memory for PDF output out of 10000 (max. 10000000)

